<?xml version="1.0" encoding="UTF-8"?>
<testng-results ignored="0" total="1" passed="1" failed="0" skipped="0">
  <reporter-output>
  </reporter-output>
  <suite started-at="2023-02-14T18:45:51 IST" name="Default suite" finished-at="2023-02-14T18:46:05 IST" duration-ms="14068">
    <groups>
    </groups>
    <test started-at="2023-02-14T18:45:51 IST" name="Default test" finished-at="2023-02-14T18:46:05 IST" duration-ms="14068">
      <class name="Testcaseforemployee.Navigatetodesignation">
        <test-method is-config="true" signature="settingup()[pri:0, instance:Testcaseforemployee.Navigatetodesignation@783a467b]" started-at="2023-02-14T18:45:51 IST" name="settingup" finished-at="2023-02-14T18:45:57 IST" duration-ms="5331" status="PASS">
          <reporter-output>
          </reporter-output>
        </test-method> <!-- settingup -->
        <test-method signature="navigate()[pri:0, instance:Testcaseforemployee.Navigatetodesignation@783a467b]" started-at="2023-02-14T18:45:57 IST" name="navigate" finished-at="2023-02-14T18:46:05 IST" duration-ms="8705" status="PASS">
          <reporter-output>
          </reporter-output>
        </test-method> <!-- navigate -->
      </class> <!-- Testcaseforemployee.Navigatetodesignation -->
    </test> <!-- Default test -->
  </suite> <!-- Default suite -->
</testng-results>
