<?xml version="1.0" encoding="UTF-8"?>
<testng-results ignored="0" total="1" passed="1" failed="0" skipped="0">
  <reporter-output>
  </reporter-output>
  <suite started-at="2023-02-23T12:24:20 IST" name="Default suite" finished-at="2023-02-23T12:24:34 IST" duration-ms="14486">
    <groups>
    </groups>
    <test started-at="2023-02-23T12:24:20 IST" name="Default test" finished-at="2023-02-23T12:24:34 IST" duration-ms="14486">
      <class name="Testcaseforgradings.TableOpenTc">
        <test-method is-config="true" signature="settingup()[pri:0, instance:Testcaseforgradings.TableOpenTc@783a467b]" started-at="2023-02-23T12:24:20 IST" name="settingup" finished-at="2023-02-23T12:24:26 IST" duration-ms="5573" status="PASS">
          <reporter-output>
          </reporter-output>
        </test-method> <!-- settingup -->
        <test-method signature="navigateandcreate()[pri:0, instance:Testcaseforgradings.TableOpenTc@783a467b]" started-at="2023-02-23T12:24:26 IST" name="navigateandcreate" finished-at="2023-02-23T12:24:34 IST" duration-ms="8875" status="PASS">
          <reporter-output>
          </reporter-output>
        </test-method> <!-- navigateandcreate -->
      </class> <!-- Testcaseforgradings.TableOpenTc -->
    </test> <!-- Default test -->
  </suite> <!-- Default suite -->
</testng-results>
